This is pdfTeX, Version 3.14159265-2.6-1.40.19 (MiKTeX 2.9.6840 64-bit) (preloaded format=latex 2018.10.15)  1 FEB 2019 16:57
entering extended mode
**C:/Users/paco/Documents/asig/AATT/traspas/U1/Tema1.1.IntroJava/1.1.IntroJava.
git/ej/Ej_5_3_bis.java

(C:/Users/paco/Documents/asig/AATT/traspas/U1/Tema1.1.IntroJava/1.1.IntroJava.g
it/ej/Ej_5_3_bis.java
LaTeX2e <2018-04-01> patch level 5

! LaTeX Error: Missing \begin{document}.

See the LaTeX manual or LaTeX Companion for explanation.
Type  H <return>  for immediate help.
 ...                                              
                                                  
l.1 c
     lass Ej_5_3_bis {
? 
! Emergency stop.
 ...                                              
                                                  
l.1 c
     lass Ej_5_3_bis {
You're in trouble here.  Try typing  <return>  to proceed.
If that doesn't work, type  X <return>  to quit.

 
Here is how much of TeX's memory you used:
 10 strings out of 492971
 578 string characters out of 3127063
 56555 words of memory out of 3000000
 3980 multiletter control sequences out of 15000+200000
 3640 words of font info for 14 fonts, out of 3000000 for 9000
 1141 hyphenation exceptions out of 8191
 5i,0n,4p,121b,14s stack positions out of 5000i,500n,10000p,200000b,50000s
No pages of output.
